<?xml version="1.0" encoding="UTF-8"?>
<testsuite xmlns:xsi="http://www.w3.org/2001/XMLSchema-instance" xsi:noNamespaceSchemaLocation="https://maven.apache.org/surefire/maven-surefire-plugin/xsd/surefire-test-report.xsd" version="3.0.2" name="com.chatapp.consumer.ConsumerApplicationTests" time="1.612" tests="1" errors="0" skipped="0" failures="0">
  <properties>
[...]
</properties>
  <testcase name="contextLoads" classname="com.chatapp.consumer.ConsumerApplicationTests" time="0.447">
    <system-out><![CDATA[18:37:48.172 [main] INFO org.springframework.test.context.support.AnnotationConfigContextLoaderUtils -- Could not detect default configuration classes for test class [com.chatapp.consumer.ConsumerApplicationTests]: ConsumerApplicationTests does not declare any static, non-private, non-final, nested classes annotated with @Configuration.
18:37:48.227 [main] INFO org.springframework.boot.test.context.SpringBootTestContextBootstrapper -- Found @SpringBootConfiguration com.chatapp.consumer.ConsumerApplication for test class com.chatapp.consumer.ConsumerApplicationTests

  .   ____          _            __ _ _
 /\\ / ___'_ __ _ _(_)_ __  __ _ \ \ \ \
( ( )\___ | '_ | '_| | '_ \/ _` | \ \ \ \
 \\/  ___)| |_)| | | | | || (_| |  ) ) ) )
  '  |____| .__|_| |_|_| |_\__, | / / / /
 =========|_|==============|___/=/_/_/_/

 :: Spring Boot ::                (v3.5.7)

18:37:48.429 [main] INFO  c.c.c.ConsumerApplicationTests - Starting ConsumerApplicationTests using Java 21.0.8 with PID 1213 (started by rohitdabhi in /Users/rohitdabhi/Desktop/BDS Assigmnets/ChatServer-and-Client-/consumer_v3)
18:37:48.430 [main] INFO  c.c.c.ConsumerApplicationTests - No active profile set, falling back to 1 default profile: "default"
Starting database writer...
Batch size: 1000
Writer threads: 10

-------------------------------
Initializing SQS Consumer...
 Queue URLs initialized for 20 rooms
 Total consumer threads: 80
 Consumers per room: 4
 Long polling: 1 seconds
 Batch size: 10 messages

-------------------------------
🚀 Starting 80 total consumers across 20 rooms...

 Consumer #2 started for room 1
 Consumer #3 started for room 1
 Consumer #1 started for room 1
 Consumer #4 started for room 1
 Consumer #1 started for room 2
 Consumer #2 started for room 2
 Consumer #3 started for room 2
 Consumer #4 started for room 2
 Consumer #1 started for room 3
 Consumer #2 started for room 3
 Consumer #3 started for room 3
 Consumer #4 started for room 3
 Consumer #1 started for room 4
 Consumer #2 started for room 4
 Consumer #3 started for room 4
 Consumer #4 started for room 4
 Consumer #1 started for room 5
 Consumer #2 started for room 5
 Consumer #3 started for room 5
 Consumer #4 started for room 5
 Consumer #1 started for room 6
 Consumer #2 started for room 6
 Consumer #3 started for room 6
 Consumer #4 started for room 6
 Consumer #1 started for room 7
 Consumer #2 started for room 7
 Consumer #3 started for room 7
 Consumer #4 started for room 7
 Consumer #1 started for room 8
 Consumer #2 started for room 8
 Consumer #3 started for room 8
 Consumer #4 started for room 8
 Consumer #1 started for room 9
 Consumer #2 started for room 9
 Consumer #3 started for room 9
 Consumer #4 started for room 9
 Consumer #1 started for room 10
 Consumer #2 started for room 10
 Consumer #3 started for room 10
 Consumer #4 started for room 10
 Consumer #1 started for room 11
 Consumer #3 started for room 11
 Consumer #2 started for room 11
 Consumer #4 started for room 11
 Consumer #1 started for room 12
 Consumer #2 started for room 12
 Consumer #3 started for room 12
 Consumer #4 started for room 12
 Consumer #1 started for room 13
 Consumer #2 started for room 13
 Consumer #3 started for room 13
 Consumer #4 started for room 13
 Consumer #1 started for room 14
 Consumer #2 started for room 14
 Consumer #3 started for room 14
 Consumer #4 started for room 14
 Consumer #1 started for room 15
 Consumer #2 started for room 15
 Consumer #3 started for room 15
 Consumer #2 started for room 16
 Consumer #1 started for room 16
 Consumer #4 started for room 15
 Consumer #3 started for room 16
 Consumer #4 started for room 16
 Consumer #1 started for room 17
 Consumer #2 started for room 17
 Consumer #3 started for room 17
 Consumer #4 started for room 17
 Consumer #1 started for room 18
 Consumer #2 started for room 18
 Consumer #3 started for room 18
 Consumer #4 started for room 18
 Consumer #1 started for room 19
 Consumer #2 started for room 19
 Consumer #3 started for room 19
 Consumer #4 started for room 19
 Consumer #1 started for room 20
 Consumer #2 started for room 20
 Consumer #3 started for room 20
 Consumer #4 started for room 20
18:37:49.253 [main] INFO  c.c.c.ConsumerApplicationTests - Started ConsumerApplicationTests in 0.95 seconds (process running for 1.366)
]]></system-out>
    <system-err><![CDATA[Mockito is currently self-attaching to enable the inline-mock-maker. This will no longer work in future releases of the JDK. Please add Mockito as an agent to your build as described in Mockito's documentation: https://javadoc.io/doc/org.mockito/mockito-core/latest/org.mockito/org/mockito/Mockito.html#0.3
WARNING: A Java agent has been loaded dynamically (/Users/rohitdabhi/.m2/repository/net/bytebuddy/byte-buddy-agent/1.17.8/byte-buddy-agent-1.17.8.jar)
WARNING: If a serviceability tool is in use, please run with -XX:+EnableDynamicAgentLoading to hide this warning
WARNING: If a serviceability tool is not in use, please run with -Djdk.instrument.traceUsage for more information
WARNING: Dynamic loading of agents will be disallowed by default in a future release
]]></system-err>
  </testcase>
</testsuite>